Loaded 6 experiment configurations from: experiment-timeseries.json
--- fetch_data for SPY [2000-01-01 to 2025-03-27] ---
Cache hit: Found cache file: data_cache/SPY_2000-01-01_2025-03-27.csv
Error loading data from cache file data_cache/SPY_2000-01-01_2025-03-27.csv: 'Date' is not in list. Will re-download.
Cache miss or invalid cache. Downloading from yfinance...
YF.download() has changed argument auto_adjust default to True
Downloaded 6346 rows successfully.
Saved data to cache: data_cache/SPY_2000-01-01_2025-03-27.csv

DEBUG: Inspecting DataFrame structure before NaN check...
DEBUG: DataFrame type: <class 'pandas.core.frame.DataFrame'>
DEBUG: DataFrame shape: (6346, 5)
DEBUG: DataFrame columns: [('Close', 'SPY'), ('High', 'SPY'), ('Low', 'SPY'), ('Open', 'SPY'), ('Volume', 'SPY')]
DEBUG: DataFrame head:
 Price           Close       High        Low       Open    Volume
Ticker            SPY        SPY        SPY        SPY       SPY
Date                                                            
2000-01-03  92.414925  94.202063  91.422070  94.202063   8164300
2000-01-04  88.800911  91.541190  88.731411  91.203619   8089800
2000-01-05  88.959824  89.932822  87.212399  88.920109  12177900
2000-01-06  87.530060  89.912911  87.530060  88.721485   6227200
2000-01-07  92.613464  92.613464  88.999474  89.158331   8066500
------------------------------------------------------

Checking for NaNs in 'Close' column...
DEBUG: Accessing df[('Close', 'SPY')] for NaN check...
DEBUG: Type of close_col_for_nan: <class 'pandas.core.series.Series'>
DEBUG: Calling .isnull() on close_col_for_nan...
DEBUG: Type of is_null_series_for_nan: <class 'pandas.core.series.Series'>
DEBUG: Calling .any() on is_null_series_for_nan...
DEBUG: Result of .any(): False
DEBUG: Type of the result from .any(): <class 'numpy.bool_'>
DEBUG: Is the result a standard boolean? True
DEBUG: Now attempting the 'if' statement using the verified boolean result...
DEBUG: 'if' condition evaluated to False (No NaNs found).
No NaNs found in column ('Close', 'SPY').
--- fetch_data completed. Returning DataFrame with 6346 rows. ---
Calculating RSI with period 14 for ticker SPY...
DEBUG: Calculating RSI on column: ('Close', 'SPY')
RSI calculation produced 14 NaN values initially.
DataFrame length after dropping NaN RSI: 6332
Prepared RSI data with 6332 samples.

--- Debug Info Before Experiment Loop ---
Type of rsi_data: <class 'numpy.ndarray'>
Shape of rsi_data: (6332,)
Total samples available in rsi_data for splitting: 6332
---------------------------------------


===== Starting Run 1/6: MLP_H_eq_Wave16_Relu_Seq14 =====
Config: {'run_id': 'MLP_H_eq_Wave16_Relu_Seq14', 'model_type': 'mlp', 'hidden_size': 46, 'activation_type': 'relu', 'learning_rate': 0.001, 'epochs': 30, 'sequence_length': 14, 'batch_size': 32}
Data split sizes: Train=4432, Validation=949, Test=951
Sequence shapes: X_train=(4418, 14), X_val=(935, 14), X_test=(937, 14)
Instantiating model type: mlp
Initialized MLP Model. Total parameters: 737
Model path: rsi_models/MLP_H_eq_Wave16_Relu_Seq14/mlp-h46-act_relu-lr0p001-seq14-e30.pth
Loading model state dictionary from rsi_models/MLP_H_eq_Wave16_Relu_Seq14/mlp-h46-act_relu-lr0p001-seq14-e30.pth...
Model loaded successfully.
Loaded pre-trained model.
Evaluating model on test set...
Evaluation finished. Time: 0.02s

Persistence Baseline (Predict RSI(t-1)):
  Baseline MSE:  21.552895
  Baseline MAE:  3.555802
  Baseline RMSE: 4.642510

Model Performance (Unscaled RSI):
  Model MSE:  21.977356
  Model MAE:  3.737251
  Model RMSE: 4.688001
===== Finished Run 1/6: MLP_H_eq_Wave16_Relu_Seq14 in 0.68s =====

===== Starting Run 2/6: MLP_H_eq_Wave16_Sin_Seq14 =====
Config: {'run_id': 'MLP_H_eq_Wave16_Sin_Seq14', 'model_type': 'mlp', 'hidden_size': 46, 'activation_type': 'sin', 'learning_rate': 0.001, 'epochs': 30, 'sequence_length': 14, 'batch_size': 32}
Data split sizes: Train=4432, Validation=949, Test=951
Sequence shapes: X_train=(4418, 14), X_val=(935, 14), X_test=(937, 14)
Instantiating model type: mlp
Initialized MLP Model. Total parameters: 737
Model path: rsi_models/MLP_H_eq_Wave16_Sin_Seq14/mlp-h46-act_sin-lr0p001-seq14-e30.pth
Loading model state dictionary from rsi_models/MLP_H_eq_Wave16_Sin_Seq14/mlp-h46-act_sin-lr0p001-seq14-e30.pth...
Model loaded successfully.
Loaded pre-trained model.
Evaluating model on test set...
Evaluation finished. Time: 0.01s

Persistence Baseline (Predict RSI(t-1)):
  Baseline MSE:  21.552895
  Baseline MAE:  3.555802
  Baseline RMSE: 4.642510

Model Performance (Unscaled RSI):
  Model MSE:  21.351250
  Model MAE:  3.765280
  Model RMSE: 4.620741
===== Finished Run 2/6: MLP_H_eq_Wave16_Sin_Seq14 in 0.01s =====

===== Starting Run 3/6: MLP_H_eq_Wave24_Relu_Seq14 =====
Config: {'run_id': 'MLP_H_eq_Wave24_Relu_Seq14', 'model_type': 'mlp', 'hidden_size': 69, 'activation_type': 'relu', 'learning_rate': 0.001, 'epochs': 30, 'sequence_length': 14, 'batch_size': 32}
Data split sizes: Train=4432, Validation=949, Test=951
Sequence shapes: X_train=(4418, 14), X_val=(935, 14), X_test=(937, 14)
Instantiating model type: mlp
Initialized MLP Model. Total parameters: 1,105
Model path: rsi_models/MLP_H_eq_Wave24_Relu_Seq14/mlp-h69-act_relu-lr0p001-seq14-e30.pth
Loading model state dictionary from rsi_models/MLP_H_eq_Wave24_Relu_Seq14/mlp-h69-act_relu-lr0p001-seq14-e30.pth...
Model loaded successfully.
Loaded pre-trained model.
Evaluating model on test set...
Evaluation finished. Time: 0.00s

Persistence Baseline (Predict RSI(t-1)):
  Baseline MSE:  21.552895
  Baseline MAE:  3.555802
  Baseline RMSE: 4.642510

Model Performance (Unscaled RSI):
  Model MSE:  21.555019
  Model MAE:  3.723825
  Model RMSE: 4.642738
===== Finished Run 3/6: MLP_H_eq_Wave24_Relu_Seq14 in 0.01s =====

===== Starting Run 4/6: MLP_H_eq_Wave24_Sin_Seq14 =====
Config: {'run_id': 'MLP_H_eq_Wave24_Sin_Seq14', 'model_type': 'mlp', 'hidden_size': 69, 'activation_type': 'sin', 'learning_rate': 0.001, 'epochs': 30, 'sequence_length': 14, 'batch_size': 32}
Data split sizes: Train=4432, Validation=949, Test=951
Sequence shapes: X_train=(4418, 14), X_val=(935, 14), X_test=(937, 14)
Instantiating model type: mlp
Initialized MLP Model. Total parameters: 1,105
Model path: rsi_models/MLP_H_eq_Wave24_Sin_Seq14/mlp-h69-act_sin-lr0p001-seq14-e30.pth
Loading model state dictionary from rsi_models/MLP_H_eq_Wave24_Sin_Seq14/mlp-h69-act_sin-lr0p001-seq14-e30.pth...
Model loaded successfully.
Loaded pre-trained model.
Evaluating model on test set...
Evaluation finished. Time: 0.00s

Persistence Baseline (Predict RSI(t-1)):
  Baseline MSE:  21.552895
  Baseline MAE:  3.555802
  Baseline RMSE: 4.642510

Model Performance (Unscaled RSI):
  Model MSE:  21.028717
  Model MAE:  3.657031
  Model RMSE: 4.585708
===== Finished Run 4/6: MLP_H_eq_Wave24_Sin_Seq14 in 0.01s =====

===== Starting Run 5/6: LSTM_H32_L1_Seq14 =====
Config: {'run_id': 'LSTM_H32_L1_Seq14', 'model_type': 'lstm', 'hidden_size': 32, 'num_layers': 1, 'activation_type': 'N/A', 'learning_rate': 0.001, 'epochs': 30, 'sequence_length': 14, 'batch_size': 32}
Data split sizes: Train=4432, Validation=949, Test=951
Sequence shapes: X_train=(4418, 14), X_val=(935, 14), X_test=(937, 14)
Instantiating model type: lstm
Initialized LSTM Model. Total parameters: 4,513
Model path: rsi_models/LSTM_H32_L1_Seq14/lstm-h32-act_N/A-lr0p001-seq14-e30.pth
Model file not found or failed to load. Starting training...
Starting training for 30 epochs...
Epoch 1/30 finished. Train Loss: 0.056034, Val Loss: 0.019162, Time: 0.32s
Attempting to save model to rsi_models/LSTM_H32_L1_Seq14/lstm-h32-act_N/A-lr0p001-seq14-e30.pth...
Validation loss improved. Saved model to rsi_models/LSTM_H32_L1_Seq14/lstm-h32-act_N/A-lr0p001-seq14-e30.pth
Epoch 2/30 finished. Train Loss: 0.011993, Val Loss: 0.012186, Time: 0.27s
Attempting to save model to rsi_models/LSTM_H32_L1_Seq14/lstm-h32-act_N/A-lr0p001-seq14-e30.pth...
Validation loss improved. Saved model to rsi_models/LSTM_H32_L1_Seq14/lstm-h32-act_N/A-lr0p001-seq14-e30.pth
Epoch 3/30 finished. Train Loss: 0.009618, Val Loss: 0.009696, Time: 0.30s
Attempting to save model to rsi_models/LSTM_H32_L1_Seq14/lstm-h32-act_N/A-lr0p001-seq14-e30.pth...
Validation loss improved. Saved model to rsi_models/LSTM_H32_L1_Seq14/lstm-h32-act_N/A-lr0p001-seq14-e30.pth
Epoch 4/30 finished. Train Loss: 0.008255, Val Loss: 0.008150, Time: 0.28s
Attempting to save model to rsi_models/LSTM_H32_L1_Seq14/lstm-h32-act_N/A-lr0p001-seq14-e30.pth...
Validation loss improved. Saved model to rsi_models/LSTM_H32_L1_Seq14/lstm-h32-act_N/A-lr0p001-seq14-e30.pth
Epoch 5/30 finished. Train Loss: 0.007190, Val Loss: 0.007266, Time: 0.27s
Attempting to save model to rsi_models/LSTM_H32_L1_Seq14/lstm-h32-act_N/A-lr0p001-seq14-e30.pth...
Validation loss improved. Saved model to rsi_models/LSTM_H32_L1_Seq14/lstm-h32-act_N/A-lr0p001-seq14-e30.pth
Epoch 6/30 finished. Train Loss: 0.006714, Val Loss: 0.006428, Time: 0.26s
Attempting to save model to rsi_models/LSTM_H32_L1_Seq14/lstm-h32-act_N/A-lr0p001-seq14-e30.pth...
Validation loss improved. Saved model to rsi_models/LSTM_H32_L1_Seq14/lstm-h32-act_N/A-lr0p001-seq14-e30.pth
Epoch 7/30 finished. Train Loss: 0.006188, Val Loss: 0.007605, Time: 0.27s
Epoch 8/30 finished. Train Loss: 0.005779, Val Loss: 0.005775, Time: 0.26s
Attempting to save model to rsi_models/LSTM_H32_L1_Seq14/lstm-h32-act_N/A-lr0p001-seq14-e30.pth...
Validation loss improved. Saved model to rsi_models/LSTM_H32_L1_Seq14/lstm-h32-act_N/A-lr0p001-seq14-e30.pth
Epoch 9/30 finished. Train Loss: 0.005601, Val Loss: 0.005665, Time: 0.28s
Attempting to save model to rsi_models/LSTM_H32_L1_Seq14/lstm-h32-act_N/A-lr0p001-seq14-e30.pth...
Validation loss improved. Saved model to rsi_models/LSTM_H32_L1_Seq14/lstm-h32-act_N/A-lr0p001-seq14-e30.pth
Epoch 10/30 finished. Train Loss: 0.005429, Val Loss: 0.005351, Time: 0.29s
Attempting to save model to rsi_models/LSTM_H32_L1_Seq14/lstm-h32-act_N/A-lr0p001-seq14-e30.pth...
Validation loss improved. Saved model to rsi_models/LSTM_H32_L1_Seq14/lstm-h32-act_N/A-lr0p001-seq14-e30.pth
Epoch 11/30 finished. Train Loss: 0.005346, Val Loss: 0.005346, Time: 0.27s
Attempting to save model to rsi_models/LSTM_H32_L1_Seq14/lstm-h32-act_N/A-lr0p001-seq14-e30.pth...
Validation loss improved. Saved model to rsi_models/LSTM_H32_L1_Seq14/lstm-h32-act_N/A-lr0p001-seq14-e30.pth
Epoch 12/30 finished. Train Loss: 0.005134, Val Loss: 0.005099, Time: 0.27s
Attempting to save model to rsi_models/LSTM_H32_L1_Seq14/lstm-h32-act_N/A-lr0p001-seq14-e30.pth...
Validation loss improved. Saved model to rsi_models/LSTM_H32_L1_Seq14/lstm-h32-act_N/A-lr0p001-seq14-e30.pth
Epoch 13/30 finished. Train Loss: 0.005179, Val Loss: 0.005061, Time: 0.27s
Attempting to save model to rsi_models/LSTM_H32_L1_Seq14/lstm-h32-act_N/A-lr0p001-seq14-e30.pth...
Validation loss improved. Saved model to rsi_models/LSTM_H32_L1_Seq14/lstm-h32-act_N/A-lr0p001-seq14-e30.pth
Epoch 14/30 finished. Train Loss: 0.005037, Val Loss: 0.005007, Time: 0.28s
Attempting to save model to rsi_models/LSTM_H32_L1_Seq14/lstm-h32-act_N/A-lr0p001-seq14-e30.pth...
Validation loss improved. Saved model to rsi_models/LSTM_H32_L1_Seq14/lstm-h32-act_N/A-lr0p001-seq14-e30.pth
Epoch 15/30 finished. Train Loss: 0.004997, Val Loss: 0.005396, Time: 0.48s
Epoch 16/30 finished. Train Loss: 0.005060, Val Loss: 0.005013, Time: 0.28s
Epoch 17/30 finished. Train Loss: 0.004984, Val Loss: 0.005027, Time: 0.27s
Epoch 18/30 finished. Train Loss: 0.004928, Val Loss: 0.004983, Time: 0.30s
Attempting to save model to rsi_models/LSTM_H32_L1_Seq14/lstm-h32-act_N/A-lr0p001-seq14-e30.pth...
Validation loss improved. Saved model to rsi_models/LSTM_H32_L1_Seq14/lstm-h32-act_N/A-lr0p001-seq14-e30.pth
Epoch 19/30 finished. Train Loss: 0.004881, Val Loss: 0.004921, Time: 0.28s
Attempting to save model to rsi_models/LSTM_H32_L1_Seq14/lstm-h32-act_N/A-lr0p001-seq14-e30.pth...
Validation loss improved. Saved model to rsi_models/LSTM_H32_L1_Seq14/lstm-h32-act_N/A-lr0p001-seq14-e30.pth
Epoch 20/30 finished. Train Loss: 0.004928, Val Loss: 0.005520, Time: 0.28s
Epoch 21/30 finished. Train Loss: 0.004866, Val Loss: 0.004981, Time: 0.28s
Epoch 22/30 finished. Train Loss: 0.004897, Val Loss: 0.006386, Time: 0.28s
Epoch 23/30 finished. Train Loss: 0.004953, Val Loss: 0.005939, Time: 0.29s
Epoch 24/30 finished. Train Loss: 0.004956, Val Loss: 0.005151, Time: 0.27s
Early stopping triggered after 24 epochs.
Training finished. Total training time: 6.86s
Reloading best model weights based on validation loss...
Loading model state dictionary from rsi_models/LSTM_H32_L1_Seq14/lstm-h32-act_N/A-lr0p001-seq14-e30.pth...
Model loaded successfully.
Evaluating model on test set...
Evaluation finished. Time: 0.02s

Persistence Baseline (Predict RSI(t-1)):
  Baseline MSE:  21.552895
  Baseline MAE:  3.555802
  Baseline RMSE: 4.642510

Model Performance (Unscaled RSI):
  Model MSE:  20.949303
  Model MAE:  3.652364
  Model RMSE: 4.577041
===== Finished Run 5/6: LSTM_H32_L1_Seq14 in 6.90s =====

===== Starting Run 6/6: GRU_H32_L1_Seq14 =====
Config: {'run_id': 'GRU_H32_L1_Seq14', 'model_type': 'gru', 'hidden_size': 32, 'num_layers': 1, 'activation_type': 'N/A', 'learning_rate': 0.001, 'epochs': 30, 'sequence_length': 14, 'batch_size': 32}
Data split sizes: Train=4432, Validation=949, Test=951
Sequence shapes: X_train=(4418, 14), X_val=(935, 14), X_test=(937, 14)
Instantiating model type: gru
Initialized GRU Model. Total parameters: 3,393
Model path: rsi_models/GRU_H32_L1_Seq14/gru-h32-act_N/A-lr0p001-seq14-e30.pth
Model file not found or failed to load. Starting training...
Starting training for 30 epochs...
Epoch 1/30 finished. Train Loss: 0.114474, Val Loss: 0.016425, Time: 0.27s
Attempting to save model to rsi_models/GRU_H32_L1_Seq14/gru-h32-act_N/A-lr0p001-seq14-e30.pth...
Validation loss improved. Saved model to rsi_models/GRU_H32_L1_Seq14/gru-h32-act_N/A-lr0p001-seq14-e30.pth
Epoch 2/30 finished. Train Loss: 0.010345, Val Loss: 0.008858, Time: 0.26s
Attempting to save model to rsi_models/GRU_H32_L1_Seq14/gru-h32-act_N/A-lr0p001-seq14-e30.pth...
Validation loss improved. Saved model to rsi_models/GRU_H32_L1_Seq14/gru-h32-act_N/A-lr0p001-seq14-e30.pth
Epoch 3/30 finished. Train Loss: 0.007573, Val Loss: 0.007765, Time: 0.27s
Attempting to save model to rsi_models/GRU_H32_L1_Seq14/gru-h32-act_N/A-lr0p001-seq14-e30.pth...
Validation loss improved. Saved model to rsi_models/GRU_H32_L1_Seq14/gru-h32-act_N/A-lr0p001-seq14-e30.pth
Epoch 4/30 finished. Train Loss: 0.006926, Val Loss: 0.006971, Time: 0.27s
Attempting to save model to rsi_models/GRU_H32_L1_Seq14/gru-h32-act_N/A-lr0p001-seq14-e30.pth...
Validation loss improved. Saved model to rsi_models/GRU_H32_L1_Seq14/gru-h32-act_N/A-lr0p001-seq14-e30.pth
Epoch 5/30 finished. Train Loss: 0.006289, Val Loss: 0.006360, Time: 0.26s
Attempting to save model to rsi_models/GRU_H32_L1_Seq14/gru-h32-act_N/A-lr0p001-seq14-e30.pth...
Validation loss improved. Saved model to rsi_models/GRU_H32_L1_Seq14/gru-h32-act_N/A-lr0p001-seq14-e30.pth
Epoch 6/30 finished. Train Loss: 0.005908, Val Loss: 0.006381, Time: 0.26s
Epoch 7/30 finished. Train Loss: 0.005646, Val Loss: 0.005740, Time: 0.26s
Attempting to save model to rsi_models/GRU_H32_L1_Seq14/gru-h32-act_N/A-lr0p001-seq14-e30.pth...
Validation loss improved. Saved model to rsi_models/GRU_H32_L1_Seq14/gru-h32-act_N/A-lr0p001-seq14-e30.pth
Epoch 8/30 finished. Train Loss: 0.005485, Val Loss: 0.005921, Time: 0.26s
Epoch 9/30 finished. Train Loss: 0.005387, Val Loss: 0.005374, Time: 0.34s
Attempting to save model to rsi_models/GRU_H32_L1_Seq14/gru-h32-act_N/A-lr0p001-seq14-e30.pth...
Validation loss improved. Saved model to rsi_models/GRU_H32_L1_Seq14/gru-h32-act_N/A-lr0p001-seq14-e30.pth
Epoch 10/30 finished. Train Loss: 0.005186, Val Loss: 0.005423, Time: 0.26s
Epoch 11/30 finished. Train Loss: 0.005177, Val Loss: 0.005188, Time: 0.26s
Attempting to save model to rsi_models/GRU_H32_L1_Seq14/gru-h32-act_N/A-lr0p001-seq14-e30.pth...
Validation loss improved. Saved model to rsi_models/GRU_H32_L1_Seq14/gru-h32-act_N/A-lr0p001-seq14-e30.pth
Epoch 12/30 finished. Train Loss: 0.005065, Val Loss: 0.005135, Time: 0.33s
Attempting to save model to rsi_models/GRU_H32_L1_Seq14/gru-h32-act_N/A-lr0p001-seq14-e30.pth...
Validation loss improved. Saved model to rsi_models/GRU_H32_L1_Seq14/gru-h32-act_N/A-lr0p001-seq14-e30.pth
Epoch 13/30 finished. Train Loss: 0.005027, Val Loss: 0.005260, Time: 0.27s
Epoch 14/30 finished. Train Loss: 0.005078, Val Loss: 0.005072, Time: 0.26s
Attempting to save model to rsi_models/GRU_H32_L1_Seq14/gru-h32-act_N/A-lr0p001-seq14-e30.pth...
Validation loss improved. Saved model to rsi_models/GRU_H32_L1_Seq14/gru-h32-act_N/A-lr0p001-seq14-e30.pth
Epoch 15/30 finished. Train Loss: 0.004976, Val Loss: 0.005196, Time: 0.31s
Epoch 16/30 finished. Train Loss: 0.004904, Val Loss: 0.005281, Time: 0.49s
Epoch 17/30 finished. Train Loss: 0.004965, Val Loss: 0.004987, Time: 0.27s
Attempting to save model to rsi_models/GRU_H32_L1_Seq14/gru-h32-act_N/A-lr0p001-seq14-e30.pth...
Validation loss improved. Saved model to rsi_models/GRU_H32_L1_Seq14/gru-h32-act_N/A-lr0p001-seq14-e30.pth
Epoch 18/30 finished. Train Loss: 0.004881, Val Loss: 0.005059, Time: 0.26s
Epoch 19/30 finished. Train Loss: 0.004915, Val Loss: 0.005045, Time: 0.26s
Epoch 20/30 finished. Train Loss: 0.005024, Val Loss: 0.005185, Time: 0.26s
Epoch 21/30 finished. Train Loss: 0.004899, Val Loss: 0.004998, Time: 0.26s
Epoch 22/30 finished. Train Loss: 0.004900, Val Loss: 0.005137, Time: 0.26s
Early stopping triggered after 22 epochs.
Training finished. Total training time: 6.21s
Reloading best model weights based on validation loss...
Loading model state dictionary from rsi_models/GRU_H32_L1_Seq14/gru-h32-act_N/A-lr0p001-seq14-e30.pth...
Model loaded successfully.
Evaluating model on test set...
Evaluation finished. Time: 0.02s

Persistence Baseline (Predict RSI(t-1)):
  Baseline MSE:  21.552895
  Baseline MAE:  3.555802
  Baseline RMSE: 4.642510

Model Performance (Unscaled RSI):
  Model MSE:  21.434881
  Model MAE:  3.659635
  Model RMSE: 4.629782
===== Finished Run 6/6: GRU_H32_L1_Seq14 in 6.24s =====


===== Overall Experiment Summary =====
                       run_id model_type  hidden_size activation_type  sequence_length  learning_rate  epochs  total_params  test_rmse  baseline_rmse  test_mae  baseline_mae  test_mse  baseline_mse  training_time_s  eval_time_s
0  MLP_H_eq_Wave16_Relu_Seq14        mlp           46            relu               14       0.001000      30           737   4.688001       4.642510  3.737251      3.555802 21.977356     21.552895         0.000000     0.015476
1   MLP_H_eq_Wave16_Sin_Seq14        mlp           46             sin               14       0.001000      30           737   4.620741       4.642510  3.765280      3.555802 21.351250     21.552895         0.000000     0.005716
2  MLP_H_eq_Wave24_Relu_Seq14        mlp           69            relu               14       0.001000      30          1105   4.642738       4.642510  3.723825      3.555802 21.555019     21.552895         0.000000     0.004183
3   MLP_H_eq_Wave24_Sin_Seq14        mlp           69             sin               14       0.001000      30          1105   4.585708       4.642510  3.657031      3.555802 21.028717     21.552895         0.000000     0.004120
4           LSTM_H32_L1_Seq14       lstm           32             N/A               14       0.001000      30          4513   4.577041       4.642510  3.652364      3.555802 20.949303     21.552895         6.861289     0.017257
5            GRU_H32_L1_Seq14        gru           32             N/A               14       0.001000      30          3393   4.629782       4.642510  3.659635      3.555802 21.434881     21.552895         6.205726     0.016203

Total script execution time: 14.57s
=======================================
